 WARN [2017-12-04 14:29:24,781] (ComponentFactory.java:getComponentBean:1149) - Unable to get component for id 'Certificate': Unable to get bean for id 'Certificate'
 WARN [2017-12-04 14:29:24,811] (ComponentFactory.java:getComponentBean:1149) - Unable to get component for id 'AuraDefinitionBundle': Unable to get bean for id 'AuraDefinitionBundle'
 WARN [2017-12-04 14:29:24,811] (ComponentFactory.java:getComponentBean:1149) - Unable to get component for id 'ExternalDataSource': Unable to get bean for id 'ExternalDataSource'
 WARN [2017-12-04 14:29:24,821] (ComponentFactory.java:getComponentBean:1149) - Unable to get component for id 'NamedCredential': Unable to get bean for id 'NamedCredential'
 WARN [2017-12-04 14:29:24,831] (ComponentFactory.java:getComponentBean:1149) - Unable to get component for id 'GlobalPicklist': Unable to get bean for id 'GlobalPicklist'
 WARN [2017-12-04 14:29:24,841] (ComponentFactory.java:getComponentBean:1149) - Unable to get component for id 'CustomFeedFilter': Unable to get bean for id 'CustomFeedFilter'
 WARN [2017-12-04 14:29:24,851] (ComponentFactory.java:getComponentBean:1149) - Unable to get component for id 'FlowDefinition': Unable to get bean for id 'FlowDefinition'
 WARN [2017-12-04 14:29:24,901] (ComponentFactory.java:getComponentBean:1149) - Unable to get component for id 'EventSubscription': Unable to get bean for id 'EventSubscription'
 WARN [2017-12-04 14:29:24,911] (ComponentFactory.java:getComponentBean:1149) - Unable to get component for id 'EventDelivery': Unable to get bean for id 'EventDelivery'
 WARN [2017-12-04 14:29:24,931] (ComponentFactory.java:getComponentBean:1149) - Unable to get component for id 'MatchingRules': Unable to get bean for id 'MatchingRules'
 WARN [2017-12-04 14:29:24,941] (ComponentFactory.java:getComponentBean:1149) - Unable to get component for id 'ChannelLayout': Unable to get bean for id 'ChannelLayout'
 WARN [2017-12-04 14:29:24,941] (ComponentFactory.java:getComponentBean:1149) - Unable to get component for id 'SharingRules': Unable to get bean for id 'SharingRules'
 WARN [2017-12-04 14:29:24,951] (ComponentFactory.java:getComponentBean:1149) - Unable to get component for id 'DelegateGroup': Unable to get bean for id 'DelegateGroup'
 WARN [2017-12-04 14:29:24,966] (ComponentFactory.java:getComponentBean:1149) - Unable to get component for id 'CorsWhitelistOrigin': Unable to get bean for id 'CorsWhitelistOrigin'
 WARN [2017-12-04 14:29:24,973] (ComponentFactory.java:getComponentBean:1149) - Unable to get component for id 'ActionLinkGroupTemplate': Unable to get bean for id 'ActionLinkGroupTemplate'
 WARN [2017-12-04 14:29:24,982] (ComponentFactory.java:getComponentBean:1149) - Unable to get component for id 'TransactionSecurityPolicy': Unable to get bean for id 'TransactionSecurityPolicy'
 WARN [2017-12-04 14:29:24,989] (ComponentFactory.java:getComponentBean:1149) - Unable to get component for id 'SynonymDictionary': Unable to get bean for id 'SynonymDictionary'
 WARN [2017-12-04 14:29:24,995] (ComponentFactory.java:getComponentBean:1149) - Unable to get component for id 'PathAssistant': Unable to get bean for id 'PathAssistant'
 WARN [2017-12-04 14:29:25,001] (ComponentFactory.java:getComponentBean:1149) - Unable to get component for id 'LeadConvertSettings': Unable to get bean for id 'LeadConvertSettings'
 WARN [2017-12-04 14:29:25,003] (ComponentFactory.java:getComponentBean:1149) - Unable to get component for id 'PlatformCachePartition': Unable to get bean for id 'PlatformCachePartition'
 WARN [2017-12-04 14:29:26,575] (ComponentFactory.java:getComponentBean:1149) - Unable to get component for id 'Certificate': Unable to get bean for id 'Certificate'
 WARN [2017-12-04 14:29:26,595] (ComponentFactory.java:getComponentBean:1149) - Unable to get component for id 'AuraDefinitionBundle': Unable to get bean for id 'AuraDefinitionBundle'
 WARN [2017-12-04 14:29:26,605] (ComponentFactory.java:getComponentBean:1149) - Unable to get component for id 'ExternalDataSource': Unable to get bean for id 'ExternalDataSource'
 WARN [2017-12-04 14:29:26,605] (ComponentFactory.java:getComponentBean:1149) - Unable to get component for id 'NamedCredential': Unable to get bean for id 'NamedCredential'
 WARN [2017-12-04 14:29:26,615] (ComponentFactory.java:getComponentBean:1149) - Unable to get component for id 'GlobalPicklist': Unable to get bean for id 'GlobalPicklist'
 WARN [2017-12-04 14:29:26,625] (ComponentFactory.java:getComponentBean:1149) - Unable to get component for id 'CustomFeedFilter': Unable to get bean for id 'CustomFeedFilter'
 WARN [2017-12-04 14:29:26,635] (ComponentFactory.java:getComponentBean:1149) - Unable to get component for id 'FlowDefinition': Unable to get bean for id 'FlowDefinition'
 WARN [2017-12-04 14:29:26,635] (ComponentFactory.java:getComponentBean:1149) - Unable to get component for id 'EventSubscription': Unable to get bean for id 'EventSubscription'
 WARN [2017-12-04 14:29:26,645] (ComponentFactory.java:getComponentBean:1149) - Unable to get component for id 'EventDelivery': Unable to get bean for id 'EventDelivery'
 WARN [2017-12-04 14:29:26,662] (ComponentFactory.java:getComponentBean:1149) - Unable to get component for id 'MatchingRules': Unable to get bean for id 'MatchingRules'
 WARN [2017-12-04 14:29:26,668] (ComponentFactory.java:getComponentBean:1149) - Unable to get component for id 'ChannelLayout': Unable to get bean for id 'ChannelLayout'
 WARN [2017-12-04 14:29:26,668] (ComponentFactory.java:getComponentBean:1149) - Unable to get component for id 'SharingRules': Unable to get bean for id 'SharingRules'
 WARN [2017-12-04 14:29:26,678] (ComponentFactory.java:getComponentBean:1149) - Unable to get component for id 'DelegateGroup': Unable to get bean for id 'DelegateGroup'
 WARN [2017-12-04 14:29:26,688] (ComponentFactory.java:getComponentBean:1149) - Unable to get component for id 'CorsWhitelistOrigin': Unable to get bean for id 'CorsWhitelistOrigin'
 WARN [2017-12-04 14:29:26,688] (ComponentFactory.java:getComponentBean:1149) - Unable to get component for id 'ActionLinkGroupTemplate': Unable to get bean for id 'ActionLinkGroupTemplate'
 WARN [2017-12-04 14:29:26,698] (ComponentFactory.java:getComponentBean:1149) - Unable to get component for id 'TransactionSecurityPolicy': Unable to get bean for id 'TransactionSecurityPolicy'
 WARN [2017-12-04 14:29:26,708] (ComponentFactory.java:getComponentBean:1149) - Unable to get component for id 'SynonymDictionary': Unable to get bean for id 'SynonymDictionary'
 WARN [2017-12-04 14:29:26,708] (ComponentFactory.java:getComponentBean:1149) - Unable to get component for id 'PathAssistant': Unable to get bean for id 'PathAssistant'
 WARN [2017-12-04 14:29:26,718] (ComponentFactory.java:getComponentBean:1149) - Unable to get component for id 'LeadConvertSettings': Unable to get bean for id 'LeadConvertSettings'
 WARN [2017-12-04 14:29:26,718] (ComponentFactory.java:getComponentBean:1149) - Unable to get component for id 'PlatformCachePartition': Unable to get bean for id 'PlatformCachePartition'
 WARN [2017-12-04 14:32:58,252] (DefaultBuilder.java:applyDirtyMarkers:93) - TODO: apply 'Save locally only...' markers on each resource
 WARN [2017-12-04 14:34:23,203] (DefaultBuilder.java:applyDirtyMarkers:93) - TODO: apply 'Save locally only...' markers on each resource
 WARN [2017-12-04 14:35:08,186] (DefaultBuilder.java:applyDirtyMarkers:93) - TODO: apply 'Save locally only...' markers on each resource
 WARN [2017-12-04 14:38:13,438] (ComponentFactory.java:getCompositeComponentFromComponent:1098) - Unable to load existing 'classes/ApexClassFromEclipse.cls-meta.xml' from project - associated component's file resource is null.  Assuming new.
 WARN [2017-12-04 14:38:14,040] (ComponentFactory.java:getComponentBean:1149) - Unable to get component for id 'Certificate': Unable to get bean for id 'Certificate'
 WARN [2017-12-04 14:38:14,050] (ComponentFactory.java:getComponentBean:1149) - Unable to get component for id 'AuraDefinitionBundle': Unable to get bean for id 'AuraDefinitionBundle'
 WARN [2017-12-04 14:38:14,060] (ComponentFactory.java:getComponentBean:1149) - Unable to get component for id 'ExternalDataSource': Unable to get bean for id 'ExternalDataSource'
 WARN [2017-12-04 14:38:14,060] (ComponentFactory.java:getComponentBean:1149) - Unable to get component for id 'NamedCredential': Unable to get bean for id 'NamedCredential'
 WARN [2017-12-04 14:38:14,070] (ComponentFactory.java:getComponentBean:1149) - Unable to get component for id 'GlobalPicklist': Unable to get bean for id 'GlobalPicklist'
 WARN [2017-12-04 14:38:14,117] (ComponentFactory.java:getComponentBean:1149) - Unable to get component for id 'CustomFeedFilter': Unable to get bean for id 'CustomFeedFilter'
 WARN [2017-12-04 14:38:14,139] (ComponentFactory.java:getComponentBean:1149) - Unable to get component for id 'FlowDefinition': Unable to get bean for id 'FlowDefinition'
 WARN [2017-12-04 14:38:14,146] (ComponentFactory.java:getComponentBean:1149) - Unable to get component for id 'EventSubscription': Unable to get bean for id 'EventSubscription'
 WARN [2017-12-04 14:38:14,157] (ComponentFactory.java:getComponentBean:1149) - Unable to get component for id 'EventDelivery': Unable to get bean for id 'EventDelivery'
 WARN [2017-12-04 14:38:14,175] (ComponentFactory.java:getComponentBean:1149) - Unable to get component for id 'MatchingRules': Unable to get bean for id 'MatchingRules'
 WARN [2017-12-04 14:38:14,185] (ComponentFactory.java:getComponentBean:1149) - Unable to get component for id 'ChannelLayout': Unable to get bean for id 'ChannelLayout'
 WARN [2017-12-04 14:38:14,192] (ComponentFactory.java:getComponentBean:1149) - Unable to get component for id 'SharingRules': Unable to get bean for id 'SharingRules'
 WARN [2017-12-04 14:38:14,203] (ComponentFactory.java:getComponentBean:1149) - Unable to get component for id 'DelegateGroup': Unable to get bean for id 'DelegateGroup'
 WARN [2017-12-04 14:38:14,211] (ComponentFactory.java:getComponentBean:1149) - Unable to get component for id 'CorsWhitelistOrigin': Unable to get bean for id 'CorsWhitelistOrigin'
 WARN [2017-12-04 14:38:14,218] (ComponentFactory.java:getComponentBean:1149) - Unable to get component for id 'ActionLinkGroupTemplate': Unable to get bean for id 'ActionLinkGroupTemplate'
 WARN [2017-12-04 14:38:14,227] (ComponentFactory.java:getComponentBean:1149) - Unable to get component for id 'TransactionSecurityPolicy': Unable to get bean for id 'TransactionSecurityPolicy'
 WARN [2017-12-04 14:38:14,233] (ComponentFactory.java:getComponentBean:1149) - Unable to get component for id 'SynonymDictionary': Unable to get bean for id 'SynonymDictionary'
 WARN [2017-12-04 14:38:14,240] (ComponentFactory.java:getComponentBean:1149) - Unable to get component for id 'PathAssistant': Unable to get bean for id 'PathAssistant'
 WARN [2017-12-04 14:38:14,248] (ComponentFactory.java:getComponentBean:1149) - Unable to get component for id 'LeadConvertSettings': Unable to get bean for id 'LeadConvertSettings'
 WARN [2017-12-04 14:38:14,254] (ComponentFactory.java:getComponentBean:1149) - Unable to get component for id 'PlatformCachePartition': Unable to get bean for id 'PlatformCachePartition'
 WARN [2017-12-04 14:38:18,280] (Utils.java:loadDocument:800) - Unable to load document: C:\SalesForce\.metadata\.plugins\org.eclipse.core.resources\.projects\test\com.salesforce.ide.core\packageCache.xml (The system cannot find the file specified)
 WARN [2017-12-04 14:38:18,290] (ComponentController.java:run:425) - Unable to update cache with new component Apex Class - cache is not found
 WARN [2017-12-04 14:39:28,514] (ComponentFactory.java:getCompositeComponentFromComponent:1098) - Unable to load existing 'pages/VFPageFromEclipse.page-meta.xml' from project - associated component's file resource is null.  Assuming new.
 WARN [2017-12-04 14:39:29,127] (ComponentFactory.java:getComponentBean:1149) - Unable to get component for id 'Certificate': Unable to get bean for id 'Certificate'
 WARN [2017-12-04 14:39:29,137] (ComponentFactory.java:getComponentBean:1149) - Unable to get component for id 'AuraDefinitionBundle': Unable to get bean for id 'AuraDefinitionBundle'
 WARN [2017-12-04 14:39:29,137] (ComponentFactory.java:getComponentBean:1149) - Unable to get component for id 'ExternalDataSource': Unable to get bean for id 'ExternalDataSource'
 WARN [2017-12-04 14:39:29,147] (ComponentFactory.java:getComponentBean:1149) - Unable to get component for id 'NamedCredential': Unable to get bean for id 'NamedCredential'
 WARN [2017-12-04 14:39:29,157] (ComponentFactory.java:getComponentBean:1149) - Unable to get component for id 'GlobalPicklist': Unable to get bean for id 'GlobalPicklist'
 WARN [2017-12-04 14:39:29,157] (ComponentFactory.java:getComponentBean:1149) - Unable to get component for id 'CustomFeedFilter': Unable to get bean for id 'CustomFeedFilter'
 WARN [2017-12-04 14:39:29,167] (ComponentFactory.java:getComponentBean:1149) - Unable to get component for id 'FlowDefinition': Unable to get bean for id 'FlowDefinition'
 WARN [2017-12-04 14:39:29,207] (ComponentFactory.java:getComponentBean:1149) - Unable to get component for id 'EventSubscription': Unable to get bean for id 'EventSubscription'
 WARN [2017-12-04 14:39:29,220] (ComponentFactory.java:getComponentBean:1149) - Unable to get component for id 'EventDelivery': Unable to get bean for id 'EventDelivery'
 WARN [2017-12-04 14:39:29,234] (ComponentFactory.java:getComponentBean:1149) - Unable to get component for id 'MatchingRules': Unable to get bean for id 'MatchingRules'
 WARN [2017-12-04 14:39:29,242] (ComponentFactory.java:getComponentBean:1149) - Unable to get component for id 'ChannelLayout': Unable to get bean for id 'ChannelLayout'
 WARN [2017-12-04 14:39:29,251] (ComponentFactory.java:getComponentBean:1149) - Unable to get component for id 'SharingRules': Unable to get bean for id 'SharingRules'
 WARN [2017-12-04 14:39:29,259] (ComponentFactory.java:getComponentBean:1149) - Unable to get component for id 'DelegateGroup': Unable to get bean for id 'DelegateGroup'
 WARN [2017-12-04 14:39:29,268] (ComponentFactory.java:getComponentBean:1149) - Unable to get component for id 'CorsWhitelistOrigin': Unable to get bean for id 'CorsWhitelistOrigin'
 WARN [2017-12-04 14:39:29,275] (ComponentFactory.java:getComponentBean:1149) - Unable to get component for id 'ActionLinkGroupTemplate': Unable to get bean for id 'ActionLinkGroupTemplate'
 WARN [2017-12-04 14:39:29,282] (ComponentFactory.java:getComponentBean:1149) - Unable to get component for id 'TransactionSecurityPolicy': Unable to get bean for id 'TransactionSecurityPolicy'
 WARN [2017-12-04 14:39:29,290] (ComponentFactory.java:getComponentBean:1149) - Unable to get component for id 'SynonymDictionary': Unable to get bean for id 'SynonymDictionary'
 WARN [2017-12-04 14:39:29,299] (ComponentFactory.java:getComponentBean:1149) - Unable to get component for id 'PathAssistant': Unable to get bean for id 'PathAssistant'
 WARN [2017-12-04 14:39:29,307] (ComponentFactory.java:getComponentBean:1149) - Unable to get component for id 'LeadConvertSettings': Unable to get bean for id 'LeadConvertSettings'
 WARN [2017-12-04 14:39:29,316] (ComponentFactory.java:getComponentBean:1149) - Unable to get component for id 'PlatformCachePartition': Unable to get bean for id 'PlatformCachePartition'
 WARN [2017-12-04 14:39:34,372] (Utils.java:loadDocument:800) - Unable to load document: C:\SalesForce\.metadata\.plugins\org.eclipse.core.resources\.projects\test\com.salesforce.ide.core\packageCache.xml (The system cannot find the file specified)
 WARN [2017-12-04 14:39:34,382] (ComponentController.java:run:425) - Unable to update cache with new component Visualforce Page - cache is not found
 WARN [2017-12-04 14:44:14,551] (ComponentFactory.java:getCompositeComponentFromComponent:1098) - Unable to load existing 'triggers/FirstTriggerFromEclipse.trigger-meta.xml' from project - associated component's file resource is null.  Assuming new.
 WARN [2017-12-04 14:44:15,303] (ComponentFactory.java:getComponentBean:1149) - Unable to get component for id 'Certificate': Unable to get bean for id 'Certificate'
 WARN [2017-12-04 14:44:15,313] (ComponentFactory.java:getComponentBean:1149) - Unable to get component for id 'AuraDefinitionBundle': Unable to get bean for id 'AuraDefinitionBundle'
 WARN [2017-12-04 14:44:15,323] (ComponentFactory.java:getComponentBean:1149) - Unable to get component for id 'ExternalDataSource': Unable to get bean for id 'ExternalDataSource'
 WARN [2017-12-04 14:44:15,333] (ComponentFactory.java:getComponentBean:1149) - Unable to get component for id 'NamedCredential': Unable to get bean for id 'NamedCredential'
 WARN [2017-12-04 14:44:15,343] (ComponentFactory.java:getComponentBean:1149) - Unable to get component for id 'GlobalPicklist': Unable to get bean for id 'GlobalPicklist'
 WARN [2017-12-04 14:44:15,343] (ComponentFactory.java:getComponentBean:1149) - Unable to get component for id 'CustomFeedFilter': Unable to get bean for id 'CustomFeedFilter'
 WARN [2017-12-04 14:44:15,353] (ComponentFactory.java:getComponentBean:1149) - Unable to get component for id 'FlowDefinition': Unable to get bean for id 'FlowDefinition'
 WARN [2017-12-04 14:44:15,363] (ComponentFactory.java:getComponentBean:1149) - Unable to get component for id 'EventSubscription': Unable to get bean for id 'EventSubscription'
 WARN [2017-12-04 14:44:15,373] (ComponentFactory.java:getComponentBean:1149) - Unable to get component for id 'EventDelivery': Unable to get bean for id 'EventDelivery'
 WARN [2017-12-04 14:44:15,383] (ComponentFactory.java:getComponentBean:1149) - Unable to get component for id 'MatchingRules': Unable to get bean for id 'MatchingRules'
 WARN [2017-12-04 14:44:15,393] (ComponentFactory.java:getComponentBean:1149) - Unable to get component for id 'ChannelLayout': Unable to get bean for id 'ChannelLayout'
 WARN [2017-12-04 14:44:15,393] (ComponentFactory.java:getComponentBean:1149) - Unable to get component for id 'SharingRules': Unable to get bean for id 'SharingRules'
 WARN [2017-12-04 14:44:15,403] (ComponentFactory.java:getComponentBean:1149) - Unable to get component for id 'DelegateGroup': Unable to get bean for id 'DelegateGroup'
 WARN [2017-12-04 14:44:15,403] (ComponentFactory.java:getComponentBean:1149) - Unable to get component for id 'CorsWhitelistOrigin': Unable to get bean for id 'CorsWhitelistOrigin'
 WARN [2017-12-04 14:44:15,413] (ComponentFactory.java:getComponentBean:1149) - Unable to get component for id 'ActionLinkGroupTemplate': Unable to get bean for id 'ActionLinkGroupTemplate'
 WARN [2017-12-04 14:44:15,423] (ComponentFactory.java:getComponentBean:1149) - Unable to get component for id 'TransactionSecurityPolicy': Unable to get bean for id 'TransactionSecurityPolicy'
 WARN [2017-12-04 14:44:15,423] (ComponentFactory.java:getComponentBean:1149) - Unable to get component for id 'SynonymDictionary': Unable to get bean for id 'SynonymDictionary'
 WARN [2017-12-04 14:44:15,433] (ComponentFactory.java:getComponentBean:1149) - Unable to get component for id 'PathAssistant': Unable to get bean for id 'PathAssistant'
 WARN [2017-12-04 14:44:15,443] (ComponentFactory.java:getComponentBean:1149) - Unable to get component for id 'LeadConvertSettings': Unable to get bean for id 'LeadConvertSettings'
 WARN [2017-12-04 14:44:15,443] (ComponentFactory.java:getComponentBean:1149) - Unable to get component for id 'PlatformCachePartition': Unable to get bean for id 'PlatformCachePartition'
 WARN [2017-12-04 14:44:19,072] (Utils.java:loadDocument:800) - Unable to load document: C:\SalesForce\.metadata\.plugins\org.eclipse.core.resources\.projects\test\com.salesforce.ide.core\packageCache.xml (The system cannot find the file specified)
 WARN [2017-12-04 14:44:19,082] (ComponentController.java:run:425) - Unable to update cache with new component Apex Trigger - cache is not found
 WARN [2017-12-04 14:49:22,396] (ComponentFactory.java:getCompositeComponentFromComponent:1098) - Unable to load existing 'classes/TestClass.cls-meta.xml' from project - associated component's file resource is null.  Assuming new.
 WARN [2017-12-04 14:49:24,078] (ComponentFactory.java:getComponentBean:1149) - Unable to get component for id 'Certificate': Unable to get bean for id 'Certificate'
 WARN [2017-12-04 14:49:24,088] (ComponentFactory.java:getComponentBean:1149) - Unable to get component for id 'AuraDefinitionBundle': Unable to get bean for id 'AuraDefinitionBundle'
 WARN [2017-12-04 14:49:24,098] (ComponentFactory.java:getComponentBean:1149) - Unable to get component for id 'ExternalDataSource': Unable to get bean for id 'ExternalDataSource'
 WARN [2017-12-04 14:49:24,098] (ComponentFactory.java:getComponentBean:1149) - Unable to get component for id 'NamedCredential': Unable to get bean for id 'NamedCredential'
 WARN [2017-12-04 14:49:24,108] (ComponentFactory.java:getComponentBean:1149) - Unable to get component for id 'GlobalPicklist': Unable to get bean for id 'GlobalPicklist'
 WARN [2017-12-04 14:49:24,118] (ComponentFactory.java:getComponentBean:1149) - Unable to get component for id 'CustomFeedFilter': Unable to get bean for id 'CustomFeedFilter'
 WARN [2017-12-04 14:49:24,128] (ComponentFactory.java:getComponentBean:1149) - Unable to get component for id 'FlowDefinition': Unable to get bean for id 'FlowDefinition'
 WARN [2017-12-04 14:49:24,128] (ComponentFactory.java:getComponentBean:1149) - Unable to get component for id 'EventSubscription': Unable to get bean for id 'EventSubscription'
 WARN [2017-12-04 14:49:24,138] (ComponentFactory.java:getComponentBean:1149) - Unable to get component for id 'EventDelivery': Unable to get bean for id 'EventDelivery'
 WARN [2017-12-04 14:49:24,148] (ComponentFactory.java:getComponentBean:1149) - Unable to get component for id 'MatchingRules': Unable to get bean for id 'MatchingRules'
 WARN [2017-12-04 14:49:24,148] (ComponentFactory.java:getComponentBean:1149) - Unable to get component for id 'ChannelLayout': Unable to get bean for id 'ChannelLayout'
 WARN [2017-12-04 14:49:24,158] (ComponentFactory.java:getComponentBean:1149) - Unable to get component for id 'SharingRules': Unable to get bean for id 'SharingRules'
 WARN [2017-12-04 14:49:24,168] (ComponentFactory.java:getComponentBean:1149) - Unable to get component for id 'DelegateGroup': Unable to get bean for id 'DelegateGroup'
 WARN [2017-12-04 14:49:24,168] (ComponentFactory.java:getComponentBean:1149) - Unable to get component for id 'CorsWhitelistOrigin': Unable to get bean for id 'CorsWhitelistOrigin'
 WARN [2017-12-04 14:49:24,178] (ComponentFactory.java:getComponentBean:1149) - Unable to get component for id 'ActionLinkGroupTemplate': Unable to get bean for id 'ActionLinkGroupTemplate'
 WARN [2017-12-04 14:49:24,178] (ComponentFactory.java:getComponentBean:1149) - Unable to get component for id 'TransactionSecurityPolicy': Unable to get bean for id 'TransactionSecurityPolicy'
 WARN [2017-12-04 14:49:24,188] (ComponentFactory.java:getComponentBean:1149) - Unable to get component for id 'SynonymDictionary': Unable to get bean for id 'SynonymDictionary'
 WARN [2017-12-04 14:49:24,198] (ComponentFactory.java:getComponentBean:1149) - Unable to get component for id 'PathAssistant': Unable to get bean for id 'PathAssistant'
 WARN [2017-12-04 14:49:24,198] (ComponentFactory.java:getComponentBean:1149) - Unable to get component for id 'LeadConvertSettings': Unable to get bean for id 'LeadConvertSettings'
 WARN [2017-12-04 14:49:24,208] (ComponentFactory.java:getComponentBean:1149) - Unable to get component for id 'PlatformCachePartition': Unable to get bean for id 'PlatformCachePartition'
 WARN [2017-12-04 14:49:28,171] (Utils.java:loadDocument:800) - Unable to load document: C:\SalesForce\.metadata\.plugins\org.eclipse.core.resources\.projects\test\com.salesforce.ide.core\packageCache.xml (The system cannot find the file specified)
 WARN [2017-12-04 14:49:28,181] (ComponentController.java:run:425) - Unable to update cache with new component Apex Class - cache is not found
